<?xml version="1.0" encoding="UTF-8"?>
<testsuite xmlns:xsi="http://www.w3.org/2001/XMLSchema-instance" xsi:noNamespaceSchemaLocation="https://maven.apache.org/surefire/maven-surefire-plugin/xsd/surefire-test-report-3.0.xsd" version="3.0" name="runner.TestRunner" time="262.852" tests="19" errors="0" skipped="0" failures="0">
  <properties>
    <property name="sun.desktop" value="windows"/>
    <property name="awt.toolkit" value="sun.awt.windows.WToolkit"/>
    <property name="java.specification.version" value="11"/>
    <property name="webdriver.chrome.driver" value="C:\Users\mrham\.cache\selenium\chromedriver\win32\93.0.4577.63\chromedriver.exe"/>
    <property name="sun.cpu.isalist" value="amd64"/>
    <property name="sun.jnu.encoding" value="Cp1252"/>
    <property name="java.class.path" value="C:\AutomationProject\BBC\target\test-classes;C:\AutomationProject\BBC\target\classes;C:\Users\mrham\.m2\repository\org\seleniumhq\selenium\selenium-java\3.141.59\selenium-java-3.141.59.jar;C:\Users\mrham\.m2\repository\org\seleniumhq\selenium\selenium-api\3.141.59\selenium-api-3.141.59.jar;C:\Users\mrham\.m2\repository\org\seleniumhq\selenium\selenium-chrome-driver\3.141.59\selenium-chrome-driver-3.141.59.jar;C:\Users\mrham\.m2\repository\org\seleniumhq\selenium\selenium-edge-driver\3.141.59\selenium-edge-driver-3.141.59.jar;C:\Users\mrham\.m2\repository\org\seleniumhq\selenium\selenium-firefox-driver\3.141.59\selenium-firefox-driver-3.141.59.jar;C:\Users\mrham\.m2\repository\org\seleniumhq\selenium\selenium-ie-driver\3.141.59\selenium-ie-driver-3.141.59.jar;C:\Users\mrham\.m2\repository\org\seleniumhq\selenium\selenium-opera-driver\3.141.59\selenium-opera-driver-3.141.59.jar;C:\Users\mrham\.m2\repository\org\seleniumhq\selenium\selenium-remote-driver\3.141.59\selenium-remote-driver-3.141.59.jar;C:\Users\mrham\.m2\repository\org\seleniumhq\selenium\selenium-safari-driver\3.141.59\selenium-safari-driver-3.141.59.jar;C:\Users\mrham\.m2\repository\org\seleniumhq\selenium\selenium-support\3.141.59\selenium-support-3.141.59.jar;C:\Users\mrham\.m2\repository\net\bytebuddy\byte-buddy\1.8.15\byte-buddy-1.8.15.jar;C:\Users\mrham\.m2\repository\org\apache\commons\commons-exec\1.3\commons-exec-1.3.jar;C:\Users\mrham\.m2\repository\com\google\guava\guava\25.0-jre\guava-25.0-jre.jar;C:\Users\mrham\.m2\repository\com\google\code\findbugs\jsr305\1.3.9\jsr305-1.3.9.jar;C:\Users\mrham\.m2\repository\org\checkerframework\checker-compat-qual\2.0.0\checker-compat-qual-2.0.0.jar;C:\Users\mrham\.m2\repository\com\google\errorprone\error_prone_annotations\2.1.3\error_prone_annotations-2.1.3.jar;C:\Users\mrham\.m2\repository\com\google\j2objc\j2objc-annotations\1.1\j2objc-annotations-1.1.jar;C:\Users\mrham\.m2\repository\org\codehaus\mojo\animal-sniffer-annotations\1.14\animal-sniffer-annotations-1.14.jar;C:\Users\mrham\.m2\repository\com\squareup\okhttp3\okhttp\3.11.0\okhttp-3.11.0.jar;C:\Users\mrham\.m2\repository\com\squareup\okio\okio\1.14.0\okio-1.14.0.jar;C:\Users\mrham\.m2\repository\io\cucumber\cucumber-java\6.11.0\cucumber-java-6.11.0.jar;C:\Users\mrham\.m2\repository\io\cucumber\cucumber-core\6.11.0\cucumber-core-6.11.0.jar;C:\Users\mrham\.m2\repository\io\cucumber\cucumber-gherkin\6.11.0\cucumber-gherkin-6.11.0.jar;C:\Users\mrham\.m2\repository\io\cucumber\cucumber-gherkin-messages\6.11.0\cucumber-gherkin-messages-6.11.0.jar;C:\Users\mrham\.m2\repository\io\cucumber\messages\15.0.0\messages-15.0.0.jar;C:\Users\mrham\.m2\repository\io\cucumber\tag-expressions\3.0.1\tag-expressions-3.0.1.jar;C:\Users\mrham\.m2\repository\io\cucumber\cucumber-expressions\10.3.0\cucumber-expressions-10.3.0.jar;C:\Users\mrham\.m2\repository\io\cucumber\datatable\3.5.0\datatable-3.5.0.jar;C:\Users\mrham\.m2\repository\io\cucumber\cucumber-plugin\6.11.0\cucumber-plugin-6.11.0.jar;C:\Users\mrham\.m2\repository\io\cucumber\docstring\6.11.0\docstring-6.11.0.jar;C:\Users\mrham\.m2\repository\io\cucumber\html-formatter\13.0.0\html-formatter-13.0.0.jar;C:\Users\mrham\.m2\repository\io\cucumber\create-meta\4.0.0\create-meta-4.0.0.jar;C:\Users\mrham\.m2\repository\org\apiguardian\apiguardian-api\1.1.2\apiguardian-api-1.1.2.jar;C:\Users\mrham\.m2\repository\io\cucumber\cucumber-junit\6.11.0\cucumber-junit-6.11.0.jar;C:\Users\mrham\.m2\repository\junit\junit\4.13.2\junit-4.13.2.jar;C:\Users\mrham\.m2\repository\org\hamcrest\hamcrest-core\1.3\hamcrest-core-1.3.jar;C:\Users\mrham\.m2\repository\org\junit\jupiter\junit-jupiter-api\5.7.2\junit-jupiter-api-5.7.2.jar;C:\Users\mrham\.m2\repository\org\opentest4j\opentest4j\1.2.0\opentest4j-1.2.0.jar;C:\Users\mrham\.m2\repository\org\junit\platform\junit-platform-commons\1.7.2\junit-platform-commons-1.7.2.jar;C:\Users\mrham\.m2\repository\io\github\bonigarcia\webdrivermanager\4.4.3\webdrivermanager-4.4.3.jar;C:\Users\mrham\.m2\repository\org\slf4j\slf4j-api\1.7.30\slf4j-api-1.7.30.jar;C:\Users\mrham\.m2\repository\commons-io\commons-io\2.8.0\commons-io-2.8.0.jar;C:\Users\mrham\.m2\repository\com\google\code\gson\gson\2.8.6\gson-2.8.6.jar;C:\Users\mrham\.m2\repository\org\apache\commons\commons-lang3\3.12.0\commons-lang3-3.12.0.jar;C:\Users\mrham\.m2\repository\org\apache\httpcomponents\client5\httpclient5\5.0.3\httpclient5-5.0.3.jar;C:\Users\mrham\.m2\repository\org\apache\httpcomponents\core5\httpcore5\5.0.2\httpcore5-5.0.2.jar;C:\Users\mrham\.m2\repository\org\apache\httpcomponents\core5\httpcore5-h2\5.0.2\httpcore5-h2-5.0.2.jar;C:\Users\mrham\.m2\repository\commons-codec\commons-codec\1.13\commons-codec-1.13.jar;C:\Users\mrham\.m2\repository\org\rauschig\jarchivelib\1.1.0\jarchivelib-1.1.0.jar;C:\Users\mrham\.m2\repository\org\apache\commons\commons-compress\1.20\commons-compress-1.20.jar;C:\Users\mrham\.m2\repository\org\jsoup\jsoup\1.13.1\jsoup-1.13.1.jar;C:\Users\mrham\.m2\repository\org\apache\logging\log4j\log4j-api\2.14.1\log4j-api-2.14.1.jar;C:\Users\mrham\.m2\repository\org\apache\logging\log4j\log4j-core\2.14.1\log4j-core-2.14.1.jar;C:\Users\mrham\.m2\repository\net\masterthought\cucumber-reporting\5.5.4\cucumber-reporting-5.5.4.jar;C:\Users\mrham\.m2\repository\com\fasterxml\jackson\core\jackson-databind\2.12.1\jackson-databind-2.12.1.jar;C:\Users\mrham\.m2\repository\com\fasterxml\jackson\core\jackson-annotations\2.12.1\jackson-annotations-2.12.1.jar;C:\Users\mrham\.m2\repository\com\fasterxml\jackson\core\jackson-core\2.12.1\jackson-core-2.12.1.jar;C:\Users\mrham\.m2\repository\com\fasterxml\jackson\datatype\jackson-datatype-jsr310\2.12.1\jackson-datatype-jsr310-2.12.1.jar;C:\Users\mrham\.m2\repository\org\apache\velocity\velocity-engine-core\2.3\velocity-engine-core-2.3.jar;C:\Users\mrham\.m2\repository\commons-collections\commons-collections\3.2.2\commons-collections-3.2.2.jar;C:\Users\mrham\.m2\repository\joda-time\joda-time\2.10.10\joda-time-2.10.10.jar;C:\Users\mrham\.m2\repository\org\codehaus\plexus\plexus-utils\3.3.0\plexus-utils-3.3.0.jar;C:\Users\mrham\.m2\repository\com\googlecode\owasp-java-html-sanitizer\owasp-java-html-sanitizer\20200713.1\owasp-java-html-sanitizer-20200713.1.jar;C:\Users\mrham\.m2\repository\commons-configuration\commons-configuration\1.10\commons-configuration-1.10.jar;C:\Users\mrham\.m2\repository\commons-lang\commons-lang\2.6\commons-lang-2.6.jar;C:\Users\mrham\.m2\repository\commons-logging\commons-logging\1.1.1\commons-logging-1.1.1.jar;"/>
    <property name="java.vm.vendor" value="Oracle Corporation"/>
    <property name="sun.arch.data.model" value="64"/>
    <property name="user.variant" value=""/>
    <property name="java.vendor.url" value="https://openjdk.java.net/"/>
    <property name="user.timezone" value="America/New_York"/>
    <property name="java.vm.specification.version" value="11"/>
    <property name="os.name" value="Windows 10"/>
    <property name="sun.java.launcher" value="SUN_STANDARD"/>
    <property name="user.country" value="US"/>
    <property name="sun.boot.library.path" value="C:\Program Files\Java\jdk-11.0.11\bin"/>
    <property name="sun.java.command" value="C:\Users\mrham\AppData\Local\Temp\surefire1245644647772676625\surefirebooter13443373500189811685.jar C:\Users\mrham\AppData\Local\Temp\surefire1245644647772676625 2021-09-24T22-04-59_909-jvmRun1 surefire4572548860500685548tmp surefire_09176975836435137186tmp"/>
    <property name="jdk.debug" value="release"/>
    <property name="surefire.test.class.path" value="C:\AutomationProject\BBC\target\test-classes;C:\AutomationProject\BBC\target\classes;C:\Users\mrham\.m2\repository\org\seleniumhq\selenium\selenium-java\3.141.59\selenium-java-3.141.59.jar;C:\Users\mrham\.m2\repository\org\seleniumhq\selenium\selenium-api\3.141.59\selenium-api-3.141.59.jar;C:\Users\mrham\.m2\repository\org\seleniumhq\selenium\selenium-chrome-driver\3.141.59\selenium-chrome-driver-3.141.59.jar;C:\Users\mrham\.m2\repository\org\seleniumhq\selenium\selenium-edge-driver\3.141.59\selenium-edge-driver-3.141.59.jar;C:\Users\mrham\.m2\repository\org\seleniumhq\selenium\selenium-firefox-driver\3.141.59\selenium-firefox-driver-3.141.59.jar;C:\Users\mrham\.m2\repository\org\seleniumhq\selenium\selenium-ie-driver\3.141.59\selenium-ie-driver-3.141.59.jar;C:\Users\mrham\.m2\repository\org\seleniumhq\selenium\selenium-opera-driver\3.141.59\selenium-opera-driver-3.141.59.jar;C:\Users\mrham\.m2\repository\org\seleniumhq\selenium\selenium-remote-driver\3.141.59\selenium-remote-driver-3.141.59.jar;C:\Users\mrham\.m2\repository\org\seleniumhq\selenium\selenium-safari-driver\3.141.59\selenium-safari-driver-3.141.59.jar;C:\Users\mrham\.m2\repository\org\seleniumhq\selenium\selenium-support\3.141.59\selenium-support-3.141.59.jar;C:\Users\mrham\.m2\repository\net\bytebuddy\byte-buddy\1.8.15\byte-buddy-1.8.15.jar;C:\Users\mrham\.m2\repository\org\apache\commons\commons-exec\1.3\commons-exec-1.3.jar;C:\Users\mrham\.m2\repository\com\google\guava\guava\25.0-jre\guava-25.0-jre.jar;C:\Users\mrham\.m2\repository\com\google\code\findbugs\jsr305\1.3.9\jsr305-1.3.9.jar;C:\Users\mrham\.m2\repository\org\checkerframework\checker-compat-qual\2.0.0\checker-compat-qual-2.0.0.jar;C:\Users\mrham\.m2\repository\com\google\errorprone\error_prone_annotations\2.1.3\error_prone_annotations-2.1.3.jar;C:\Users\mrham\.m2\repository\com\google\j2objc\j2objc-annotations\1.1\j2objc-annotations-1.1.jar;C:\Users\mrham\.m2\repository\org\codehaus\mojo\animal-sniffer-annotations\1.14\animal-sniffer-annotations-1.14.jar;C:\Users\mrham\.m2\repository\com\squareup\okhttp3\okhttp\3.11.0\okhttp-3.11.0.jar;C:\Users\mrham\.m2\repository\com\squareup\okio\okio\1.14.0\okio-1.14.0.jar;C:\Users\mrham\.m2\repository\io\cucumber\cucumber-java\6.11.0\cucumber-java-6.11.0.jar;C:\Users\mrham\.m2\repository\io\cucumber\cucumber-core\6.11.0\cucumber-core-6.11.0.jar;C:\Users\mrham\.m2\repository\io\cucumber\cucumber-gherkin\6.11.0\cucumber-gherkin-6.11.0.jar;C:\Users\mrham\.m2\repository\io\cucumber\cucumber-gherkin-messages\6.11.0\cucumber-gherkin-messages-6.11.0.jar;C:\Users\mrham\.m2\repository\io\cucumber\messages\15.0.0\messages-15.0.0.jar;C:\Users\mrham\.m2\repository\io\cucumber\tag-expressions\3.0.1\tag-expressions-3.0.1.jar;C:\Users\mrham\.m2\repository\io\cucumber\cucumber-expressions\10.3.0\cucumber-expressions-10.3.0.jar;C:\Users\mrham\.m2\repository\io\cucumber\datatable\3.5.0\datatable-3.5.0.jar;C:\Users\mrham\.m2\repository\io\cucumber\cucumber-plugin\6.11.0\cucumber-plugin-6.11.0.jar;C:\Users\mrham\.m2\repository\io\cucumber\docstring\6.11.0\docstring-6.11.0.jar;C:\Users\mrham\.m2\repository\io\cucumber\html-formatter\13.0.0\html-formatter-13.0.0.jar;C:\Users\mrham\.m2\repository\io\cucumber\create-meta\4.0.0\create-meta-4.0.0.jar;C:\Users\mrham\.m2\repository\org\apiguardian\apiguardian-api\1.1.2\apiguardian-api-1.1.2.jar;C:\Users\mrham\.m2\repository\io\cucumber\cucumber-junit\6.11.0\cucumber-junit-6.11.0.jar;C:\Users\mrham\.m2\repository\junit\junit\4.13.2\junit-4.13.2.jar;C:\Users\mrham\.m2\repository\org\hamcrest\hamcrest-core\1.3\hamcrest-core-1.3.jar;C:\Users\mrham\.m2\repository\org\junit\jupiter\junit-jupiter-api\5.7.2\junit-jupiter-api-5.7.2.jar;C:\Users\mrham\.m2\repository\org\opentest4j\opentest4j\1.2.0\opentest4j-1.2.0.jar;C:\Users\mrham\.m2\repository\org\junit\platform\junit-platform-commons\1.7.2\junit-platform-commons-1.7.2.jar;C:\Users\mrham\.m2\repository\io\github\bonigarcia\webdrivermanager\4.4.3\webdrivermanager-4.4.3.jar;C:\Users\mrham\.m2\repository\org\slf4j\slf4j-api\1.7.30\slf4j-api-1.7.30.jar;C:\Users\mrham\.m2\repository\commons-io\commons-io\2.8.0\commons-io-2.8.0.jar;C:\Users\mrham\.m2\repository\com\google\code\gson\gson\2.8.6\gson-2.8.6.jar;C:\Users\mrham\.m2\repository\org\apache\commons\commons-lang3\3.12.0\commons-lang3-3.12.0.jar;C:\Users\mrham\.m2\repository\org\apache\httpcomponents\client5\httpclient5\5.0.3\httpclient5-5.0.3.jar;C:\Users\mrham\.m2\repository\org\apache\httpcomponents\core5\httpcore5\5.0.2\httpcore5-5.0.2.jar;C:\Users\mrham\.m2\repository\org\apache\httpcomponents\core5\httpcore5-h2\5.0.2\httpcore5-h2-5.0.2.jar;C:\Users\mrham\.m2\repository\commons-codec\commons-codec\1.13\commons-codec-1.13.jar;C:\Users\mrham\.m2\repository\org\rauschig\jarchivelib\1.1.0\jarchivelib-1.1.0.jar;C:\Users\mrham\.m2\repository\org\apache\commons\commons-compress\1.20\commons-compress-1.20.jar;C:\Users\mrham\.m2\repository\org\jsoup\jsoup\1.13.1\jsoup-1.13.1.jar;C:\Users\mrham\.m2\repository\org\apache\logging\log4j\log4j-api\2.14.1\log4j-api-2.14.1.jar;C:\Users\mrham\.m2\repository\org\apache\logging\log4j\log4j-core\2.14.1\log4j-core-2.14.1.jar;C:\Users\mrham\.m2\repository\net\masterthought\cucumber-reporting\5.5.4\cucumber-reporting-5.5.4.jar;C:\Users\mrham\.m2\repository\com\fasterxml\jackson\core\jackson-databind\2.12.1\jackson-databind-2.12.1.jar;C:\Users\mrham\.m2\repository\com\fasterxml\jackson\core\jackson-annotations\2.12.1\jackson-annotations-2.12.1.jar;C:\Users\mrham\.m2\repository\com\fasterxml\jackson\core\jackson-core\2.12.1\jackson-core-2.12.1.jar;C:\Users\mrham\.m2\repository\com\fasterxml\jackson\datatype\jackson-datatype-jsr310\2.12.1\jackson-datatype-jsr310-2.12.1.jar;C:\Users\mrham\.m2\repository\org\apache\velocity\velocity-engine-core\2.3\velocity-engine-core-2.3.jar;C:\Users\mrham\.m2\repository\commons-collections\commons-collections\3.2.2\commons-collections-3.2.2.jar;C:\Users\mrham\.m2\repository\joda-time\joda-time\2.10.10\joda-time-2.10.10.jar;C:\Users\mrham\.m2\repository\org\codehaus\plexus\plexus-utils\3.3.0\plexus-utils-3.3.0.jar;C:\Users\mrham\.m2\repository\com\googlecode\owasp-java-html-sanitizer\owasp-java-html-sanitizer\20200713.1\owasp-java-html-sanitizer-20200713.1.jar;C:\Users\mrham\.m2\repository\commons-configuration\commons-configuration\1.10\commons-configuration-1.10.jar;C:\Users\mrham\.m2\repository\commons-lang\commons-lang\2.6\commons-lang-2.6.jar;C:\Users\mrham\.m2\repository\commons-logging\commons-logging\1.1.1\commons-logging-1.1.1.jar;"/>
    <property name="sun.cpu.endian" value="little"/>
    <property name="user.home" value="C:\Users\mrham"/>
    <property name="user.language" value="en"/>
    <property name="java.specification.vendor" value="Oracle Corporation"/>
    <property name="java.version.date" value="2021-04-20"/>
    <property name="java.home" value="C:\Program Files\Java\jdk-11.0.11"/>
    <property name="file.separator" value="\"/>
    <property name="basedir" value="C:\AutomationProject\BBC"/>
    <property name="java.vm.compressedOopsMode" value="Zero based"/>
    <property name="line.separator" value="&#10;"/>
    <property name="java.specification.name" value="Java Platform API Specification"/>
    <property name="java.vm.specification.vendor" value="Oracle Corporation"/>
    <property name="java.awt.graphicsenv" value="sun.awt.Win32GraphicsEnvironment"/>
    <property name="surefire.real.class.path" value="C:\Users\mrham\AppData\Local\Temp\surefire1245644647772676625\surefirebooter13443373500189811685.jar"/>
    <property name="user.script" value=""/>
    <property name="sun.management.compiler" value="HotSpot 64-Bit Tiered Compilers"/>
    <property name="java.runtime.version" value="11.0.11+9-LTS-194"/>
    <property name="user.name" value="mrham"/>
    <property name="path.separator" value=";"/>
    <property name="os.version" value="10.0"/>
    <property name="java.runtime.name" value="Java(TM) SE Runtime Environment"/>
    <property name="file.encoding" value="Cp1252"/>
    <property name="java.vm.name" value="Java HotSpot(TM) 64-Bit Server VM"/>
    <property name="java.vendor.version" value="18.9"/>
    <property name="localRepository" value="C:\Users\mrham\.m2\repository"/>
    <property name="java.vendor.url.bug" value="https://bugreport.java.com/bugreport/"/>
    <property name="java.io.tmpdir" value="C:\Users\mrham\AppData\Local\Temp\"/>
    <property name="java.version" value="11.0.11"/>
    <property name="user.dir" value="C:\AutomationProject\BBC"/>
    <property name="os.arch" value="amd64"/>
    <property name="java.vm.specification.name" value="Java Virtual Machine Specification"/>
    <property name="java.awt.printerjob" value="sun.awt.windows.WPrinterJob"/>
    <property name="sun.os.patch.level" value=""/>
    <property name="java.library.path" value="C:\Program Files\Java\jdk-11.0.11\bin;C:\Windows\Sun\Java\bin;C:\Windows\system32;C:\Windows;C:\Program Files\Common Files\Oracle\Java\javapath;C:\Python39\Scripts\;C:\Python39\;C:\Windows\system32;C:\Windows;C:\Windows\System32\Wbem;C:\Windows\System32\WindowsPowerShell\v1.0\;C:\Windows\System32\OpenSSH\;C:\Program Files\nodejs\;C:\Program Files\JAVA\jdk-11.0.11\bin;C:\allure-2.14.0\bin;C:\Program Files\Git\cmd;C:\Program Files\PuTTY\;C:\Program Files\Docker\Docker\resources\bin;C:\ProgramData\DockerDesktop\version-bin;C:\maven\apache-maven-3.8.1\bin;C:\Users\mrham\AppData\Local\Android\Sdk\platform-tools;C:\Users\mrham\AppData\Local\Android\Sdk\tools;C:\Users\mrham\AppData\Local\Android\Sdk\tools\bin;C:\Users\mrham\AppData\Local\Microsoft\WindowsApps;C:\Users\mrham\AppData\Roaming\npm;C:\Users\mrham\AppData\Local\Programs\Microsoft VS Code\bin;C:\Users\mrham\AppData\Local\GitHubDesktop\bin;C:\maven\apache-maven-3.8.1\bin;C:\Users\mrham\AppData\Local\gitkraken\bin;."/>
    <property name="java.vendor" value="Oracle Corporation"/>
    <property name="java.vm.info" value="mixed mode"/>
    <property name="java.vm.version" value="11.0.11+9-LTS-194"/>
    <property name="sun.io.unicode.encoding" value="UnicodeLittle"/>
    <property name="java.class.version" value="55.0"/>
  </properties>
  <testcase name="Share BBC link by email" classname="Share link functionality" time="12.413">
    <system-out><![CDATA[
@follow
Scenario: Share BBC link by email       &amp#27;[90m# src/test/resources/features/followOnFaceBook.feature:3&amp#27;[0m
22:05:04.819 [main] INFO  step_definitions.Hooks - Launch Chrome Browser
22:05:08.344 [main] INFO  step_definitions.Hooks - Browser is successfully initiated with URL: https://www.bbc.com/
  &amp#27;[32mGiven &amp#27;[0m&amp#27;[32ma user is on the Home page&amp#27;[0m      &amp#27;[90m# step_definitions.SignInSteps.navigateToHomePage()&amp#27;[0m
22:05:09.960 [main] INFO  page_object.FollowFaceBook - User clicked on travel button
  &amp#27;[32mAnd &amp#27;[0m&amp#27;[32muser navigate to travel&amp#27;[0m           &amp#27;[90m# step_definitions.FollowOnFaceBook.userClickedOnTravel()&amp#27;[0m
22:05:10.077 [main] INFO  page_object.FollowFaceBook - User is on Travel Page
  &amp#27;[32mThen &amp#27;[0m&amp#27;[32muser is in travel page&amp#27;[0m           &amp#27;[90m# step_definitions.FollowOnFaceBook.validateUserIsInTravelPage()&amp#27;[0m
22:05:10.227 [main] INFO  page_object.FollowFaceBook - User navigate to more options
  &amp#27;[32mWhen &amp#27;[0m&amp#27;[32muser navigate to more&amp#27;[0m            &amp#27;[90m# step_definitions.FollowOnFaceBook.clickOnMore()&amp#27;[0m
22:05:10.426 [main] INFO  page_object.FollowFaceBook - user navigate to follow by Face Book
  &amp#27;[32mAnd &amp#27;[0m&amp#27;[32muser click on faceBook icon&amp#27;[0m       &amp#27;[90m# step_definitions.FollowOnFaceBook.clickOnFaceBookIcon()&amp#27;[0m
  &amp#27;[32mAnd &amp#27;[0m&amp#27;[32muser is in new window&amp#27;[0m             &amp#27;[90m# step_definitions.FollowOnFaceBook.userInNewWindow()&amp#27;[0m
22:05:13.008 [main] INFO  step_definitions.FollowOnFaceBook - user is on Face book page
  &amp#27;[32mThen &amp#27;[0m&amp#27;[32muser navigated to Face Book page&amp#27;[0m &amp#27;[90m# step_definitions.FollowOnFaceBook.validateUserOnFaceBookPage()&amp#27;[0m
22:05:13.843 [main] INFO  step_definitions.Hooks - Close Chrome Browser
]]></system-out>
    <system-err><![CDATA[SLF4J: Failed to load class "org.slf4j.impl.StaticLoggerBinder".
SLF4J: Defaulting to no-operation (NOP) logger implementation
SLF4J: See http://www.slf4j.org/codes.html#StaticLoggerBinder for further details.
Starting ChromeDriver 93.0.4577.63 (ff5c0da2ec0adeaed5550e6c7e98417dac77d98a-refs/branch-heads/4577@{#1135}) on port 17657
Only local connections are allowed.
Please see https://chromedriver.chromium.org/security-considerations for suggestions on keeping ChromeDriver safe.
ChromeDriver was started successfully.
Sep 24, 2021 10:05:04 PM org.openqa.selenium.remote.ProtocolHandshake createSession
INFO: Detected dialect: W3C
]]></system-err>
  </testcase>
  <testcase name="Check BBC Logo returns to home page from news page" classname="BBC logo functionality" time="7.511">
    <system-out><![CDATA[
@news
Scenario: Check BBC Logo returns to home page from news page &amp#27;[90m# src/test/resources/features/homePageByBBCLogo.feature:7&amp#27;[0m
22:05:15.192 [main] INFO  step_definitions.Hooks - Launch Chrome Browser
22:05:18.513 [main] INFO  step_definitions.Hooks - Browser is successfully initiated with URL: https://www.bbc.com/
  &amp#27;[32mGiven &amp#27;[0m&amp#27;[32ma user is on the Home page&amp#27;[0m                           &amp#27;[90m# step_definitions.SignInSteps.navigateToHomePage()&amp#27;[0m
22:05:19.639 [main] INFO  page_object.BBCLogo - User is on News page
  &amp#27;[32mWhen &amp#27;[0m&amp#27;[32muser navigate to news page&amp#27;[0m                            &amp#27;[90m# step_definitions.HomePageByBBCLogo.navigateToNewsPage()&amp#27;[0m
22:05:19.702 [main] INFO  page_object.BBCLogo - User is verified in NEWS page
  &amp#27;[32mThen &amp#27;[0m&amp#27;[32muser on news page&amp#27;[0m                                     &amp#27;[90m# step_definitions.HomePageByBBCLogo.validateUserOnNewsPage()&amp#27;[0m
22:05:20.530 [main] INFO  page_object.BBCLogo - User clicked on BBC Logo
  &amp#27;[32mAnd &amp#27;[0m&amp#27;[32muser click on BBC Logo&amp#27;[0m                                 &amp#27;[90m# step_definitions.HomePageByBBCLogo.clickOnBBCLogo()&amp#27;[0m
22:05:20.650 [main] INFO  page_object.BBCLogo - User return to home page from news page
  &amp#27;[32mThen &amp#27;[0m&amp#27;[32muser click on BBC Logo from NEWS page&amp#27;[0m                 &amp#27;[90m# step_definitions.HomePageByBBCLogo.clickOnBBCLogoFromNewsPage()&amp#27;[0m
22:05:21.354 [main] INFO  step_definitions.Hooks - Close Chrome Browser
]]></system-out>
    <system-err><![CDATA[Starting ChromeDriver 93.0.4577.63 (ff5c0da2ec0adeaed5550e6c7e98417dac77d98a-refs/branch-heads/4577@{#1135}) on port 6554
Only local connections are allowed.
Please see https://chromedriver.chromium.org/security-considerations for suggestions on keeping ChromeDriver safe.
ChromeDriver was started successfully.
Sep 24, 2021 10:05:15 PM org.openqa.selenium.remote.ProtocolHandshake createSession
INFO: Detected dialect: W3C
]]></system-err>
  </testcase>
  <testcase name="Check BBC Logo returns to home page from Sport page" classname="BBC logo functionality" time="8.108">
    <system-out><![CDATA[
@sport
Scenario: Check BBC Logo returns to home page from Sport page &amp#27;[90m# src/test/resources/features/homePageByBBCLogo.feature:14&amp#27;[0m
22:05:22.549 [main] INFO  step_definitions.Hooks - Launch Chrome Browser
22:05:26.112 [main] INFO  step_definitions.Hooks - Browser is successfully initiated with URL: https://www.bbc.com/
  &amp#27;[32mGiven &amp#27;[0m&amp#27;[32ma user is on the Home page&amp#27;[0m                            &amp#27;[90m# step_definitions.SignInSteps.navigateToHomePage()&amp#27;[0m
22:05:27.505 [main] INFO  page_object.BBCLogo - User is on Sport page
  &amp#27;[32mWhen &amp#27;[0m&amp#27;[32muser navigate to Sport page&amp#27;[0m                            &amp#27;[90m# step_definitions.HomePageByBBCLogo.navigateToSportPage()&amp#27;[0m
22:05:27.611 [main] INFO  page_object.BBCLogo - User is verified in SPORT page
  &amp#27;[32mThen &amp#27;[0m&amp#27;[32muser on sport page&amp#27;[0m                                     &amp#27;[90m# step_definitions.HomePageByBBCLogo.validateUserOnSportPage()&amp#27;[0m
22:05:28.582 [main] INFO  page_object.BBCLogo - User clicked on BBC Logo
  &amp#27;[32mAnd &amp#27;[0m&amp#27;[32muser click on BBC Logo&amp#27;[0m                                  &amp#27;[90m# step_definitions.HomePageByBBCLogo.clickOnBBCLogo()&amp#27;[0m
22:05:28.731 [main] INFO  page_object.BBCLogo - User return to home page from sport page
  &amp#27;[32mThen &amp#27;[0m&amp#27;[32muser click on BBC Logo from SPORT page&amp#27;[0m                 &amp#27;[90m# step_definitions.HomePageByBBCLogo.clickOnBBCLogoFromSportPage()&amp#27;[0m
22:05:29.462 [main] INFO  step_definitions.Hooks - Close Chrome Browser
]]></system-out>
    <system-err><![CDATA[Starting ChromeDriver 93.0.4577.63 (ff5c0da2ec0adeaed5550e6c7e98417dac77d98a-refs/branch-heads/4577@{#1135}) on port 16623
Only local connections are allowed.
Please see https://chromedriver.chromium.org/security-considerations for suggestions on keeping ChromeDriver safe.
ChromeDriver was started successfully.
Sep 24, 2021 10:05:22 PM org.openqa.selenium.remote.ProtocolHandshake createSession
INFO: Detected dialect: W3C
]]></system-err>
  </testcase>
  <testcase name="Check BBC Logo returns to home page from Travel page" classname="BBC logo functionality" time="9.661">
    <system-out><![CDATA[
@travel
Scenario: Check BBC Logo returns to home page from Travel page &amp#27;[90m# src/test/resources/features/homePageByBBCLogo.feature:21&amp#27;[0m
22:05:30.757 [main] INFO  step_definitions.Hooks - Launch Chrome Browser
22:05:34.355 [main] INFO  step_definitions.Hooks - Browser is successfully initiated with URL: https://www.bbc.com/
  &amp#27;[32mGiven &amp#27;[0m&amp#27;[32ma user is on the Home page&amp#27;[0m                             &amp#27;[90m# step_definitions.SignInSteps.navigateToHomePage()&amp#27;[0m
22:05:36.897 [main] INFO  page_object.BBCLogo - User is on Travel page
  &amp#27;[32mWhen &amp#27;[0m&amp#27;[32muser navigate to Travel page&amp#27;[0m                            &amp#27;[90m# step_definitions.HomePageByBBCLogo.navigateToTravelPage()&amp#27;[0m
22:05:36.944 [main] INFO  page_object.BBCLogo - User is verified in TRAVEL page
  &amp#27;[32mThen &amp#27;[0m&amp#27;[32muser on travel page&amp#27;[0m                                     &amp#27;[90m# step_definitions.HomePageByBBCLogo.validateUserOnTravelPage()&amp#27;[0m
22:05:38.214 [main] INFO  page_object.BBCLogo - User clicked on BBC Logo
  &amp#27;[32mAnd &amp#27;[0m&amp#27;[32muser click on BBC Logo&amp#27;[0m                                   &amp#27;[90m# step_definitions.HomePageByBBCLogo.clickOnBBCLogo()&amp#27;[0m
22:05:38.381 [main] INFO  page_object.BBCLogo - User return to home page from travel page
  &amp#27;[32mThen &amp#27;[0m&amp#27;[32muser click on BBC Logo from TRAVEL page&amp#27;[0m                 &amp#27;[90m# step_definitions.HomePageByBBCLogo.clickOnBBCLogoFromTravelPage()&amp#27;[0m
22:05:39.122 [main] INFO  step_definitions.Hooks - Close Chrome Browser
]]></system-out>
    <system-err><![CDATA[Starting ChromeDriver 93.0.4577.63 (ff5c0da2ec0adeaed5550e6c7e98417dac77d98a-refs/branch-heads/4577@{#1135}) on port 4994
Only local connections are allowed.
Please see https://chromedriver.chromium.org/security-considerations for suggestions on keeping ChromeDriver safe.
ChromeDriver was started successfully.
Sep 24, 2021 10:05:30 PM org.openqa.selenium.remote.ProtocolHandshake createSession
INFO: Detected dialect: W3C
]]></system-err>
  </testcase>
  <testcase name="Check BBC Logo returns to home page from Future page" classname="BBC logo functionality" time="9.478">
    <system-out><![CDATA[
@future
Scenario: Check BBC Logo returns to home page from Future page &amp#27;[90m# src/test/resources/features/homePageByBBCLogo.feature:28&amp#27;[0m
22:05:40.386 [main] INFO  step_definitions.Hooks - Launch Chrome Browser
22:05:44.405 [main] INFO  step_definitions.Hooks - Browser is successfully initiated with URL: https://www.bbc.com/
  &amp#27;[32mGiven &amp#27;[0m&amp#27;[32ma user is on the Home page&amp#27;[0m                             &amp#27;[90m# step_definitions.SignInSteps.navigateToHomePage()&amp#27;[0m
22:05:46.590 [main] INFO  page_object.BBCLogo - User is on Future page
  &amp#27;[32mWhen &amp#27;[0m&amp#27;[32muser navigate to Future page&amp#27;[0m                            &amp#27;[90m# step_definitions.HomePageByBBCLogo.navigateToFuturePage()&amp#27;[0m
22:05:46.671 [main] INFO  page_object.BBCLogo - User is verified in FUTURE page
  &amp#27;[32mThen &amp#27;[0m&amp#27;[32muser on future page&amp#27;[0m                                     &amp#27;[90m# step_definitions.HomePageByBBCLogo.validateUserOnFuturePage()&amp#27;[0m
22:05:47.757 [main] INFO  page_object.BBCLogo - User clicked on BBC Logo
  &amp#27;[32mAnd &amp#27;[0m&amp#27;[32muser click on BBC Logo&amp#27;[0m                                   &amp#27;[90m# step_definitions.HomePageByBBCLogo.clickOnBBCLogo()&amp#27;[0m
22:05:47.846 [main] INFO  page_object.BBCLogo - User return to home page from future page
  &amp#27;[32mThen &amp#27;[0m&amp#27;[32muser click on BBC Logo from Future page&amp#27;[0m                 &amp#27;[90m# step_definitions.HomePageByBBCLogo.clickOnBBCLogoFromFuturePage()&amp#27;[0m
22:05:48.601 [main] INFO  step_definitions.Hooks - Close Chrome Browser
]]></system-out>
    <system-err><![CDATA[Starting ChromeDriver 93.0.4577.63 (ff5c0da2ec0adeaed5550e6c7e98417dac77d98a-refs/branch-heads/4577@{#1135}) on port 2063
Only local connections are allowed.
Please see https://chromedriver.chromium.org/security-considerations for suggestions on keeping ChromeDriver safe.
ChromeDriver was started successfully.
Sep 24, 2021 10:05:40 PM org.openqa.selenium.remote.ProtocolHandshake createSession
INFO: Detected dialect: W3C
]]></system-err>
  </testcase>
  <testcase name="Check BBC page directed to Bengali #1" classname="Language conversion service functionality" time="7.085">
    <system-out><![CDATA[
@bengaliLanguage
Scenario: Check BBC page directed to Bengali &amp#27;[90m# src/test/resources/features/language.feature:7&amp#27;[0m
22:05:49.816 [main] INFO  step_definitions.Hooks - Launch Chrome Browser
22:05:53.337 [main] INFO  step_definitions.Hooks - Browser is successfully initiated with URL: https://www.bbc.com/
  &amp#27;[32mGiven &amp#27;[0m&amp#27;[32ma user is on the Home page&amp#27;[0m           &amp#27;[90m# step_definitions.SignInSteps.navigateToHomePage()&amp#27;[0m
22:05:54.826 [main] INFO  page_object.Language - User clicked on Bangla in Language
  &amp#27;[32mWhen &amp#27;[0m&amp#27;[32muser click on Bangla on language&amp#27;[0m      &amp#27;[90m# step_definitions.LanguageSelectionSteps.navigateToBanglaInLanguase()&amp#27;[0m
22:05:54.888 [main] INFO  page_object.Language - User successfully getting Bangla services
  &amp#27;[32mThen &amp#27;[0m&amp#27;[32muser on Bengali service page&amp#27;[0m          &amp#27;[90m# step_definitions.LanguageSelectionSteps.validateUserOnBanglaServicePage()&amp#27;[0m
22:05:55.686 [main] INFO  step_definitions.Hooks - Close Chrome Browser
]]></system-out>
    <system-err><![CDATA[Starting ChromeDriver 93.0.4577.63 (ff5c0da2ec0adeaed5550e6c7e98417dac77d98a-refs/branch-heads/4577@{#1135}) on port 23238
Only local connections are allowed.
Please see https://chromedriver.chromium.org/security-considerations for suggestions on keeping ChromeDriver safe.
ChromeDriver was started successfully.
Sep 24, 2021 10:05:49 PM org.openqa.selenium.remote.ProtocolHandshake createSession
INFO: Detected dialect: W3C
]]></system-err>
  </testcase>
  <testcase name="Check BBC page directed to Bengali #2" classname="Language conversion service functionality" time="7.163">
    <system-out><![CDATA[
@hindiLanguage
Scenario: Check BBC page directed to Bengali &amp#27;[90m# src/test/resources/features/language.feature:12&amp#27;[0m
22:05:56.990 [main] INFO  step_definitions.Hooks - Launch Chrome Browser
22:06:00.448 [main] INFO  step_definitions.Hooks - Browser is successfully initiated with URL: https://www.bbc.com/
  &amp#27;[32mGiven &amp#27;[0m&amp#27;[32ma user is on the Home page&amp#27;[0m           &amp#27;[90m# step_definitions.SignInSteps.navigateToHomePage()&amp#27;[0m
22:06:01.966 [main] INFO  page_object.Language - User clicked on Hindi in Language
  &amp#27;[32mWhen &amp#27;[0m&amp#27;[32muser click on Hindi on language&amp#27;[0m       &amp#27;[90m# step_definitions.LanguageSelectionSteps.navigateToHindiInLanguase()&amp#27;[0m
22:06:02.043 [main] INFO  page_object.Language - User successfully getting Hindi services
  &amp#27;[32mThen &amp#27;[0m&amp#27;[32muser on Hindi service page&amp#27;[0m            &amp#27;[90m# step_definitions.LanguageSelectionSteps.validateUserOnHindiServicePage()&amp#27;[0m
22:06:02.849 [main] INFO  step_definitions.Hooks - Close Chrome Browser
]]></system-out>
    <system-err><![CDATA[Starting ChromeDriver 93.0.4577.63 (ff5c0da2ec0adeaed5550e6c7e98417dac77d98a-refs/branch-heads/4577@{#1135}) on port 16075
Only local connections are allowed.
Please see https://chromedriver.chromium.org/security-considerations for suggestions on keeping ChromeDriver safe.
ChromeDriver was started successfully.
Sep 24, 2021 10:05:56 PM org.openqa.selenium.remote.ProtocolHandshake createSession
INFO: Detected dialect: W3C
]]></system-err>
  </testcase>
  <testcase name="user play on air features" classname="On Air Functionality" time="28.115">
    <system-out><![CDATA[
@onAir
Scenario: user play on air features   &amp#27;[90m# src/test/resources/features/onAirPlay.feature:3&amp#27;[0m
22:06:04.171 [main] INFO  step_definitions.Hooks - Launch Chrome Browser
22:06:07.334 [main] INFO  step_definitions.Hooks - Browser is successfully initiated with URL: https://www.bbc.com/
  &amp#27;[32mGiven &amp#27;[0m&amp#27;[32ma user is on the Home page&amp#27;[0m    &amp#27;[90m# step_definitions.SignInSteps.navigateToHomePage()&amp#27;[0m
22:06:09.193 [main] INFO  page_object.OnAir - user clicked on On Air button
  &amp#27;[32mWhen &amp#27;[0m&amp#27;[32muser navigate to on air&amp#27;[0m        &amp#27;[90m# step_definitions.OnAirPlaySteps.navigateToOnAir()&amp#27;[0m
22:06:30.165 [main] INFO  page_object.OnAir - User played on live voice
  &amp#27;[32mAnd &amp#27;[0m&amp#27;[32muser play On Air features&amp#27;[0m       &amp#27;[90m# step_definitions.OnAirPlaySteps.clickOnAir()&amp#27;[0m
22:06:30.247 [main] INFO  page_object.OnAir - User played On Live programme
  &amp#27;[32mThen &amp#27;[0m&amp#27;[32mopen and play on air programme&amp#27;[0m &amp#27;[90m# step_definitions.OnAirPlaySteps.validateUserPlayOnLiveProgramme()&amp#27;[0m
22:06:30.964 [main] INFO  step_definitions.Hooks - Close Chrome Browser
]]></system-out>
    <system-err><![CDATA[Starting ChromeDriver 93.0.4577.63 (ff5c0da2ec0adeaed5550e6c7e98417dac77d98a-refs/branch-heads/4577@{#1135}) on port 43006
Only local connections are allowed.
Please see https://chromedriver.chromium.org/security-considerations for suggestions on keeping ChromeDriver safe.
ChromeDriver was started successfully.
Sep 24, 2021 10:06:04 PM org.openqa.selenium.remote.ProtocolHandshake createSession
INFO: Detected dialect: W3C
]]></system-err>
  </testcase>
  <testcase name="Check search is successful with valid credentials" classname="Search functionalities" time="7.822">
    <system-out><![CDATA[
@search
Scenario: Check search is successful with valid credentials &amp#27;[90m# src/test/resources/features/search.feature:3&amp#27;[0m
22:06:32.300 [main] INFO  step_definitions.Hooks - Launch Chrome Browser
22:06:35.701 [main] INFO  step_definitions.Hooks - Browser is successfully initiated with URL: https://www.bbc.com/
  &amp#27;[32mGiven &amp#27;[0m&amp#27;[32ma user is on the Home page&amp#27;[0m                          &amp#27;[90m# step_definitions.SignInSteps.navigateToHomePage()&amp#27;[0m
22:06:35.954 [main] INFO  page_object.Search - User entered credentials for search is: education
  &amp#27;[32mWhen &amp#27;[0m&amp#27;[32muser enter text on search&amp#27;[0m                            &amp#27;[90m# step_definitions.SearchSteps.enterTextInSearchOption(io.cucumber.datatable.DataTable)&amp#27;[0m
22:06:38.009 [main] INFO  page_object.Search - User clicked on search button successfully
  &amp#27;[32mAnd &amp#27;[0m&amp#27;[32mclick on search button&amp#27;[0m                                &amp#27;[90m# step_definitions.SearchSteps.userClickOnSearchButton()&amp#27;[0m
22:06:38.079 [main] INFO  page_object.Search - Text Result Successful
  &amp#27;[32mThen &amp#27;[0m&amp#27;[32muser is navigated to result is education&amp#27;[0m             &amp#27;[90m# step_definitions.SearchSteps.validateSearchResultPage()&amp#27;[0m
22:06:38.785 [main] INFO  step_definitions.Hooks - Close Chrome Browser
]]></system-out>
    <system-err><![CDATA[Starting ChromeDriver 93.0.4577.63 (ff5c0da2ec0adeaed5550e6c7e98417dac77d98a-refs/branch-heads/4577@{#1135}) on port 1591
Only local connections are allowed.
Please see https://chromedriver.chromium.org/security-considerations for suggestions on keeping ChromeDriver safe.
ChromeDriver was started successfully.
Sep 24, 2021 10:06:32 PM org.openqa.selenium.remote.ProtocolHandshake createSession
INFO: Detected dialect: W3C
]]></system-err>
  </testcase>
  <testcase name="Check Sign in is successful with valid credentials #1" classname="Test Sign in functionalities" time="9.474">
    <system-out><![CDATA[
@positive_test
Scenario: Check Sign in is successful with valid credentials                 &amp#27;[90m# src/test/resources/features/signIn.feature:8&amp#27;[0m
22:06:40.117 [main] INFO  step_definitions.Hooks - Launch Chrome Browser
22:06:43.355 [main] INFO  step_definitions.Hooks - Browser is successfully initiated with URL: https://www.bbc.com/
  &amp#27;[32mGiven &amp#27;[0m&amp#27;[32ma user is on the Home page&amp#27;[0m                                           &amp#27;[90m# step_definitions.SignInSteps.navigateToHomePage()&amp#27;[0m
  &amp#27;[32mAnd &amp#27;[0m&amp#27;[32muser navigate to Sign in page&amp#27;[0m                                          &amp#27;[90m# step_definitions.SignInSteps.navigateToSignInPage()&amp#27;[0m
22:06:45.862 [main] INFO  page_object.SignIn - User entered credentials
  &amp#27;[32mWhen &amp#27;[0m&amp#27;[32muser enters userEmail "&amp#27;[0m&amp#27;[32m&amp#27;[1mmirmrhaman@gmail.com&amp#27;[0m&amp#27;[32m" and password "&amp#27;[0m&amp#27;[32m&amp#27;[1mm12345678&amp#27;[0m&amp#27;[32m"&amp#27;[0m &amp#27;[90m# step_definitions.SignInSteps.enterUserCredentials(java.lang.String,java.lang.String)&amp#27;[0m
  &amp#27;[32mAnd &amp#27;[0m&amp#27;[32mclick on signIn button&amp#27;[0m                                                 &amp#27;[90m# step_definitions.SignInSteps.clickOnSignInButton()&amp#27;[0m
22:06:47.531 [main] INFO  page_object.SignIn - User is in user home page
  &amp#27;[32mThen &amp#27;[0m&amp#27;[32muser is navigated to user home page&amp#27;[0m                                   &amp#27;[90m# step_definitions.SignInSteps.validateUserIsSignInSuccessfully()&amp#27;[0m
22:06:48.260 [main] INFO  step_definitions.Hooks - Close Chrome Browser
]]></system-out>
    <system-err><![CDATA[Starting ChromeDriver 93.0.4577.63 (ff5c0da2ec0adeaed5550e6c7e98417dac77d98a-refs/branch-heads/4577@{#1135}) on port 27297
Only local connections are allowed.
Please see https://chromedriver.chromium.org/security-considerations for suggestions on keeping ChromeDriver safe.
ChromeDriver was started successfully.
Sep 24, 2021 10:06:40 PM org.openqa.selenium.remote.ProtocolHandshake createSession
INFO: Detected dialect: W3C
]]></system-err>
  </testcase>
  <testcase name="Check Sign in is successful with valid credentials #2" classname="Test Sign in functionalities" time="9.69">
    <system-out><![CDATA[
@dataDriven_test
Scenario Outline: Check Sign in is successful with valid credentials         &amp#27;[90m# src/test/resources/features/signIn.feature:21&amp#27;[0m
22:06:49.513 [main] INFO  step_definitions.Hooks - Launch Chrome Browser
22:06:52.706 [main] INFO  step_definitions.Hooks - Browser is successfully initiated with URL: https://www.bbc.com/
  &amp#27;[32mGiven &amp#27;[0m&amp#27;[32ma user is on the Home page&amp#27;[0m                                           &amp#27;[90m# step_definitions.SignInSteps.navigateToHomePage()&amp#27;[0m
  &amp#27;[32mAnd &amp#27;[0m&amp#27;[32muser navigate to Sign in page&amp#27;[0m                                          &amp#27;[90m# step_definitions.SignInSteps.navigateToSignInPage()&amp#27;[0m
22:06:55.148 [main] INFO  page_object.SignIn - User entered credentials
  &amp#27;[32mWhen &amp#27;[0m&amp#27;[32muser enters userEmail "&amp#27;[0m&amp#27;[32m&amp#27;[1mmirmrhaman@gmail.com&amp#27;[0m&amp#27;[32m" and password "&amp#27;[0m&amp#27;[32m&amp#27;[1mm12345678&amp#27;[0m&amp#27;[32m"&amp#27;[0m &amp#27;[90m# step_definitions.SignInSteps.enterUserCredentials(java.lang.String,java.lang.String)&amp#27;[0m
  &amp#27;[32mAnd &amp#27;[0m&amp#27;[32mclick on signIn button&amp#27;[0m                                                 &amp#27;[90m# step_definitions.SignInSteps.clickOnSignInButton()&amp#27;[0m
22:06:57.219 [main] INFO  page_object.SignIn - User is in user home page
  &amp#27;[32mThen &amp#27;[0m&amp#27;[32muser is navigated to user home page&amp#27;[0m                                   &amp#27;[90m# step_definitions.SignInSteps.validateUserIsSignInSuccessfully()&amp#27;[0m
22:06:57.950 [main] INFO  step_definitions.Hooks - Close Chrome Browser
]]></system-out>
    <system-err><![CDATA[Starting ChromeDriver 93.0.4577.63 (ff5c0da2ec0adeaed5550e6c7e98417dac77d98a-refs/branch-heads/4577@{#1135}) on port 43120
Only local connections are allowed.
Please see https://chromedriver.chromium.org/security-considerations for suggestions on keeping ChromeDriver safe.
ChromeDriver was started successfully.
Sep 24, 2021 10:06:49 PM org.openqa.selenium.remote.ProtocolHandshake createSession
INFO: Detected dialect: W3C
]]></system-err>
  </testcase>
  <testcase name="Check Sign in is successful with valid credentials #3" classname="Test Sign in functionalities" time="10.274">
    <system-out><![CDATA[
@dataDriven_test
Scenario Outline: Check Sign in is successful with valid credentials     &amp#27;[90m# src/test/resources/features/signIn.feature:22&amp#27;[0m
22:06:59.274 [main] INFO  step_definitions.Hooks - Launch Chrome Browser
22:07:02.686 [main] INFO  step_definitions.Hooks - Browser is successfully initiated with URL: https://www.bbc.com/
  &amp#27;[32mGiven &amp#27;[0m&amp#27;[32ma user is on the Home page&amp#27;[0m                                       &amp#27;[90m# step_definitions.SignInSteps.navigateToHomePage()&amp#27;[0m
  &amp#27;[32mAnd &amp#27;[0m&amp#27;[32muser navigate to Sign in page&amp#27;[0m                                      &amp#27;[90m# step_definitions.SignInSteps.navigateToSignInPage()&amp#27;[0m
22:07:05.879 [main] INFO  page_object.SignIn - User entered credentials
  &amp#27;[32mWhen &amp#27;[0m&amp#27;[32muser enters userEmail "&amp#27;[0m&amp#27;[32m&amp#27;[1mjimyraj@gmail.com&amp#27;[0m&amp#27;[32m" and password "&amp#27;[0m&amp#27;[32m&amp#27;[1mJimy@123&amp#27;[0m&amp#27;[32m"&amp#27;[0m &amp#27;[90m# step_definitions.SignInSteps.enterUserCredentials(java.lang.String,java.lang.String)&amp#27;[0m
  &amp#27;[32mAnd &amp#27;[0m&amp#27;[32mclick on signIn button&amp#27;[0m                                             &amp#27;[90m# step_definitions.SignInSteps.clickOnSignInButton()&amp#27;[0m
22:07:07.456 [main] INFO  page_object.SignIn - User is in user home page
  &amp#27;[32mThen &amp#27;[0m&amp#27;[32muser is navigated to user home page&amp#27;[0m                               &amp#27;[90m# step_definitions.SignInSteps.validateUserIsSignInSuccessfully()&amp#27;[0m
22:07:08.224 [main] INFO  step_definitions.Hooks - Close Chrome Browser
]]></system-out>
    <system-err><![CDATA[Starting ChromeDriver 93.0.4577.63 (ff5c0da2ec0adeaed5550e6c7e98417dac77d98a-refs/branch-heads/4577@{#1135}) on port 4214
Only local connections are allowed.
Please see https://chromedriver.chromium.org/security-considerations for suggestions on keeping ChromeDriver safe.
ChromeDriver was started successfully.
Sep 24, 2021 10:06:59 PM org.openqa.selenium.remote.ProtocolHandshake createSession
INFO: Detected dialect: W3C
]]></system-err>
  </testcase>
  <testcase name="Check Sign in is not successful with invalid credentials #1" classname="Test Sign in functionalities" time="9.019">
    <system-out><![CDATA[
@negative_test
Scenario: Check Sign in is not successful with invalid credentials       &amp#27;[90m# src/test/resources/features/signIn.feature:25&amp#27;[0m
22:07:09.491 [main] INFO  step_definitions.Hooks - Launch Chrome Browser
22:07:12.816 [main] INFO  step_definitions.Hooks - Browser is successfully initiated with URL: https://www.bbc.com/
  &amp#27;[32mGiven &amp#27;[0m&amp#27;[32ma user is on the Home page&amp#27;[0m                                       &amp#27;[90m# step_definitions.SignInSteps.navigateToHomePage()&amp#27;[0m
  &amp#27;[32mAnd &amp#27;[0m&amp#27;[32muser navigate to Sign in page&amp#27;[0m                                      &amp#27;[90m# step_definitions.SignInSteps.navigateToSignInPage()&amp#27;[0m
22:07:15.702 [main] INFO  page_object.SignIn - User entered credentials
  &amp#27;[32mWhen &amp#27;[0m&amp#27;[32muser enters userEmail "&amp#27;[0m&amp#27;[32m&amp#27;[1mjimyraj@gmail.com&amp#27;[0m&amp#27;[32m" and password "&amp#27;[0m&amp#27;[32m&amp#27;[1mJimy@000&amp#27;[0m&amp#27;[32m"&amp#27;[0m &amp#27;[90m# step_definitions.SignInSteps.enterUserCredentials(java.lang.String,java.lang.String)&amp#27;[0m
  &amp#27;[32mAnd &amp#27;[0m&amp#27;[32mclick on signIn button&amp#27;[0m                                             &amp#27;[90m# step_definitions.SignInSteps.clickOnSignInButton()&amp#27;[0m
22:07:16.536 [main] INFO  page_object.SignIn - User is still in the sign in page
  &amp#27;[32mThen &amp#27;[0m&amp#27;[32muser is failed to login with wrong password&amp#27;[0m                       &amp#27;[90m# step_definitions.SignInSteps.validateUserIsFailedToSignInPassword()&amp#27;[0m
22:07:17.243 [main] INFO  step_definitions.Hooks - Close Chrome Browser
]]></system-out>
    <system-err><![CDATA[Starting ChromeDriver 93.0.4577.63 (ff5c0da2ec0adeaed5550e6c7e98417dac77d98a-refs/branch-heads/4577@{#1135}) on port 10132
Only local connections are allowed.
Please see https://chromedriver.chromium.org/security-considerations for suggestions on keeping ChromeDriver safe.
ChromeDriver was started successfully.
Sep 24, 2021 10:07:09 PM org.openqa.selenium.remote.ProtocolHandshake createSession
INFO: Detected dialect: W3C
]]></system-err>
  </testcase>
  <testcase name="Check Sign in is not successful with invalid credentials #2" classname="Test Sign in functionalities" time="10.201">
    <system-out><![CDATA[
@negative_test
Scenario: Check Sign in is not successful with invalid credentials        &amp#27;[90m# src/test/resources/features/signIn.feature:31&amp#27;[0m
22:07:18.515 [main] INFO  step_definitions.Hooks - Launch Chrome Browser
22:07:21.625 [main] INFO  step_definitions.Hooks - Browser is successfully initiated with URL: https://www.bbc.com/
  &amp#27;[32mGiven &amp#27;[0m&amp#27;[32ma user is on the Home page&amp#27;[0m                                        &amp#27;[90m# step_definitions.SignInSteps.navigateToHomePage()&amp#27;[0m
  &amp#27;[32mAnd &amp#27;[0m&amp#27;[32muser navigate to Sign in page&amp#27;[0m                                       &amp#27;[90m# step_definitions.SignInSteps.navigateToSignInPage()&amp#27;[0m
22:07:24.288 [main] INFO  page_object.SignIn - User entered credentials
  &amp#27;[32mWhen &amp#27;[0m&amp#27;[32muser enters userEmail "&amp#27;[0m&amp#27;[32m&amp#27;[1mjimyraj@gmail.came&amp#27;[0m&amp#27;[32m" and password "&amp#27;[0m&amp#27;[32m&amp#27;[1mJimy@123&amp#27;[0m&amp#27;[32m"&amp#27;[0m &amp#27;[90m# step_definitions.SignInSteps.enterUserCredentials(java.lang.String,java.lang.String)&amp#27;[0m
  &amp#27;[32mAnd &amp#27;[0m&amp#27;[32mclick on signIn button&amp#27;[0m                                              &amp#27;[90m# step_definitions.SignInSteps.clickOnSignInButton()&amp#27;[0m
22:07:26.702 [main] INFO  page_object.SignIn - User is still in the sign in page
  &amp#27;[32mThen &amp#27;[0m&amp#27;[32muser is failed to login with wrong Email&amp#27;[0m                           &amp#27;[90m# step_definitions.SignInSteps.validateUserIsFailedToSignInEmail()&amp#27;[0m
22:07:27.444 [main] INFO  step_definitions.Hooks - Close Chrome Browser
]]></system-out>
    <system-err><![CDATA[Starting ChromeDriver 93.0.4577.63 (ff5c0da2ec0adeaed5550e6c7e98417dac77d98a-refs/branch-heads/4577@{#1135}) on port 48364
Only local connections are allowed.
Please see https://chromedriver.chromium.org/security-considerations for suggestions on keeping ChromeDriver safe.
ChromeDriver was started successfully.
Sep 24, 2021 10:07:18 PM org.openqa.selenium.remote.ProtocolHandshake createSession
INFO: Detected dialect: W3C
]]></system-err>
  </testcase>
  <testcase name="Check Sign in is successful with valid credentials using data table" classname="Test Sign in functionalities" time="9.285">
    <system-out><![CDATA[
@dataDriven_test
Scenario: Check Sign in is successful with valid credentials using data table &amp#27;[90m# src/test/resources/features/signIn.feature:37&amp#27;[0m
22:07:28.593 [main] INFO  step_definitions.Hooks - Launch Chrome Browser
22:07:31.878 [main] INFO  step_definitions.Hooks - Browser is successfully initiated with URL: https://www.bbc.com/
  &amp#27;[32mGiven &amp#27;[0m&amp#27;[32ma user is on the Home page&amp#27;[0m                                            &amp#27;[90m# step_definitions.SignInSteps.navigateToHomePage()&amp#27;[0m
  &amp#27;[32mAnd &amp#27;[0m&amp#27;[32muser navigate to Sign in page&amp#27;[0m                                           &amp#27;[90m# step_definitions.SignInSteps.navigateToSignInPage()&amp#27;[0m
22:07:35.865 [main] INFO  page_object.SignIn - user has clicked on sign in button
  &amp#27;[32mWhen &amp#27;[0m&amp#27;[32muser click on Sign in button entering credentials&amp#27;[0m                      &amp#27;[90m# step_definitions.SignInSteps.userClickOnSignInButtonEnteringCredentials(io.cucumber.datatable.DataTable)&amp#27;[0m
22:07:35.937 [main] INFO  page_object.SignIn - User is in user home page
  &amp#27;[32mThen &amp#27;[0m&amp#27;[32muser is navigated to user home page&amp#27;[0m                                    &amp#27;[90m# step_definitions.SignInSteps.validateUserIsSignInSuccessfully()&amp#27;[0m
22:07:36.729 [main] INFO  step_definitions.Hooks - Close Chrome Browser
]]></system-out>
    <system-err><![CDATA[Starting ChromeDriver 93.0.4577.63 (ff5c0da2ec0adeaed5550e6c7e98417dac77d98a-refs/branch-heads/4577@{#1135}) on port 33470
Only local connections are allowed.
Please see https://chromedriver.chromium.org/security-considerations for suggestions on keeping ChromeDriver safe.
ChromeDriver was started successfully.
Sep 24, 2021 10:07:28 PM org.openqa.selenium.remote.ProtocolHandshake createSession
INFO: Detected dialect: W3C
]]></system-err>
  </testcase>
  <testcase name="Check sign in followed by sign out successful with valid credentials" classname="Test Sign out functionalities" time="13.542">
    <system-out><![CDATA[
@signOut
Scenario: Check sign in followed by sign out successful with valid credentials &amp#27;[90m# src/test/resources/features/signOut.feature:7&amp#27;[0m
22:07:38.003 [main] INFO  step_definitions.Hooks - Launch Chrome Browser
22:07:41.404 [main] INFO  step_definitions.Hooks - Browser is successfully initiated with URL: https://www.bbc.com/
  &amp#27;[32mGiven &amp#27;[0m&amp#27;[32ma user is on the Home page&amp#27;[0m                                             &amp#27;[90m# step_definitions.SignInSteps.navigateToHomePage()&amp#27;[0m
  &amp#27;[32mAnd &amp#27;[0m&amp#27;[32muser navigate to Sign in page&amp#27;[0m                                            &amp#27;[90m# step_definitions.SignInSteps.navigateToSignInPage()&amp#27;[0m
22:07:43.739 [main] INFO  page_object.SignIn - User entered credentials
  &amp#27;[32mWhen &amp#27;[0m&amp#27;[32muser enters userEmail "&amp#27;[0m&amp#27;[32m&amp#27;[1mmirmrhaman@gmail.com&amp#27;[0m&amp#27;[32m" and password "&amp#27;[0m&amp#27;[32m&amp#27;[1mm12345678&amp#27;[0m&amp#27;[32m"&amp#27;[0m   &amp#27;[90m# step_definitions.SignInSteps.enterUserCredentials(java.lang.String,java.lang.String)&amp#27;[0m
  &amp#27;[32mAnd &amp#27;[0m&amp#27;[32mclick on signIn button&amp#27;[0m                                                   &amp#27;[90m# step_definitions.SignInSteps.clickOnSignInButton()&amp#27;[0m
22:07:46.089 [main] INFO  page_object.SignOut - User is in user home page
  &amp#27;[32mWhen &amp#27;[0m&amp#27;[32muser is navigated to profile home page&amp#27;[0m                                  &amp#27;[90m# step_definitions.SignOutSteps.validateUserIsSignInSuccessfully()&amp#27;[0m
22:07:46.222 [main] INFO  page_object.SignOut - User is entering in profile page
  &amp#27;[32mAnd &amp#27;[0m&amp#27;[32mclick on profile name&amp#27;[0m                                                    &amp#27;[90m# step_definitions.SignOutSteps.clickOnProfileName()&amp#27;[0m
22:07:47.800 [main] INFO  page_object.SignOut - User is in sign out page
  &amp#27;[32mWhen &amp#27;[0m&amp#27;[32muser on sign out page&amp#27;[0m                                                   &amp#27;[90m# step_definitions.SignOutSteps.userOnSignOutPage()&amp#27;[0m
22:07:49.365 [main] INFO  page_object.SignOut - User click on Sign out button
  &amp#27;[32mAnd &amp#27;[0m&amp#27;[32mclick on sign out&amp#27;[0m                                                        &amp#27;[90m# step_definitions.SignOutSteps.clickOnSignOut()&amp#27;[0m
22:07:49.422 [main] INFO  page_object.SignOut - User is in home page
  &amp#27;[32mThen &amp#27;[0m&amp#27;[32muser get a confirmation sign out message&amp#27;[0m                                &amp#27;[90m# step_definitions.SignOutSteps.validateUserIsSignOutSuccessfully()&amp#27;[0m
22:07:50.271 [main] INFO  step_definitions.Hooks - Close Chrome Browser
]]></system-out>
    <system-err><![CDATA[Starting ChromeDriver 93.0.4577.63 (ff5c0da2ec0adeaed5550e6c7e98417dac77d98a-refs/branch-heads/4577@{#1135}) on port 32542
Only local connections are allowed.
Please see https://chromedriver.chromium.org/security-considerations for suggestions on keeping ChromeDriver safe.
ChromeDriver was started successfully.
Sep 24, 2021 10:07:38 PM org.openqa.selenium.remote.ProtocolHandshake createSession
INFO: Detected dialect: W3C
]]></system-err>
  </testcase>
  <testcase name="user play a radio" classname="Sounds functionality" time="27.552">
    <system-out><![CDATA[
@sound
Scenario: user play a radio              &amp#27;[90m# src/test/resources/features/sound.feature:6&amp#27;[0m
22:07:51.485 [main] INFO  step_definitions.Hooks - Launch Chrome Browser
22:07:54.854 [main] INFO  step_definitions.Hooks - Browser is successfully initiated with URL: https://www.bbc.com/
  &amp#27;[32mGiven &amp#27;[0m&amp#27;[32ma user is on the Home page&amp#27;[0m       &amp#27;[90m# step_definitions.SignInSteps.navigateToHomePage()&amp#27;[0m
  &amp#27;[32mGiven &amp#27;[0m&amp#27;[32ma user is on the Home page&amp#27;[0m       &amp#27;[90m# step_definitions.SignInSteps.navigateToHomePage()&amp#27;[0m
22:07:56.793 [main] INFO  page_object.Sound - user clicked on sound button on home page
  &amp#27;[32mWhen &amp#27;[0m&amp#27;[32muser navigate to sounds&amp#27;[0m           &amp#27;[90m# step_definitions.SoundsSteps.navigateToSoundButton()&amp#27;[0m
22:07:56.865 [main] INFO  page_object.Sound - User is on sounds page
  &amp#27;[32mThen &amp#27;[0m&amp#27;[32muser is on the sounds page&amp#27;[0m        &amp#27;[90m# step_definitions.SoundsSteps.validateUserEnterInSoundPageSuccessfully()&amp#27;[0m
22:08:16.977 [main] INFO  page_object.Sound - User played Radio Relax 1 and wait to listen for a moment
  &amp#27;[32mAnd &amp#27;[0m&amp#27;[32muser navigate and play Radio Relax&amp#27;[0m &amp#27;[90m# step_definitions.SoundsSteps.playRadioRelax()&amp#27;[0m
22:08:17.070 [main] INFO  page_object.Sound - User played Radio Relax 1 successfully
  &amp#27;[32mThen &amp#27;[0m&amp#27;[32mRadio relax played&amp#27;[0m                &amp#27;[90m# step_definitions.SoundsSteps.validateRadioRelaxPlayedSuccessfully()&amp#27;[0m
22:08:17.823 [main] INFO  step_definitions.Hooks - Close Chrome Browser
]]></system-out>
    <system-err><![CDATA[Starting ChromeDriver 93.0.4577.63 (ff5c0da2ec0adeaed5550e6c7e98417dac77d98a-refs/branch-heads/4577@{#1135}) on port 33133
Only local connections are allowed.
Please see https://chromedriver.chromium.org/security-considerations for suggestions on keeping ChromeDriver safe.
ChromeDriver was started successfully.
Sep 24, 2021 10:07:51 PM org.openqa.selenium.remote.ProtocolHandshake createSession
INFO: Detected dialect: W3C
]]></system-err>
  </testcase>
  <testcase name="Select and play a video from Featured video" classname="TV functionality" time="56.106">
    <system-out><![CDATA[
@tv
Scenario: Select and play a video from Featured video &amp#27;[90m# src/test/resources/features/tv.feature:8&amp#27;[0m
22:08:19.151 [main] INFO  step_definitions.Hooks - Launch Chrome Browser
22:08:22.752 [main] INFO  step_definitions.Hooks - Browser is successfully initiated with URL: https://www.bbc.com/
  &amp#27;[32mGiven &amp#27;[0m&amp#27;[32ma user is on the Home page&amp#27;[0m                    &amp#27;[90m# step_definitions.SignInSteps.navigateToHomePage()&amp#27;[0m
22:08:22.929 [main] INFO  page_object.TV - User clicked on featured video on home page
  &amp#27;[32mWhen &amp#27;[0m&amp#27;[32muser navigate to featured video&amp#27;[0m                &amp#27;[90m# step_definitions.TvSteps.navigateToFeaturedVideo()&amp#27;[0m
22:09:13.034 [main] INFO  page_object.TV - User played a feature video and wait for a moment
  &amp#27;[32mAnd &amp#27;[0m&amp#27;[32muser play feature video and wait a moment&amp#27;[0m       &amp#27;[90m# step_definitions.TvSteps.playFeatureVideo()&amp#27;[0m
22:09:13.144 [main] INFO  page_object.TV - User played feature video
  &amp#27;[32mThen &amp#27;[0m&amp#27;[32mUser played featured video from home page&amp#27;[0m      &amp#27;[90m# step_definitions.TvSteps.validateUserPlayedFeatureVideoSuccessfully()&amp#27;[0m
22:09:13.929 [main] INFO  step_definitions.Hooks - Close Chrome Browser
]]></system-out>
    <system-err><![CDATA[Starting ChromeDriver 93.0.4577.63 (ff5c0da2ec0adeaed5550e6c7e98417dac77d98a-refs/branch-heads/4577@{#1135}) on port 44026
Only local connections are allowed.
Please see https://chromedriver.chromium.org/security-considerations for suggestions on keeping ChromeDriver safe.
ChromeDriver was started successfully.
Sep 24, 2021 10:08:19 PM org.openqa.selenium.remote.ProtocolHandshake createSession
INFO: Detected dialect: W3C
]]></system-err>
  </testcase>
  <testcase name="user can edit weather broadcast" classname="Weather functionality" time="10.262">
    <system-out><![CDATA[
@weather
Scenario: user can edit weather broadcast   &amp#27;[90m# src/test/resources/features/weather.feature:7&amp#27;[0m
22:09:15.187 [main] INFO  step_definitions.Hooks - Launch Chrome Browser
22:09:18.894 [main] INFO  step_definitions.Hooks - Browser is successfully initiated with URL: https://www.bbc.com/
  &amp#27;[32mGiven &amp#27;[0m&amp#27;[32ma user is on the Home page&amp#27;[0m          &amp#27;[90m# step_definitions.SignInSteps.navigateToHomePage()&amp#27;[0m
22:09:19.061 [main] INFO  page_object.Weather - user clicked on edit button in weather
  &amp#27;[32mAnd &amp#27;[0m&amp#27;[32muser navigate to edit in weather&amp#27;[0m      &amp#27;[90m# step_definitions.WeatherEditSteps.navigateToEditWeather()&amp#27;[0m
22:09:19.304 [main] INFO  page_object.Weather - User entered name of city is: New York
22:09:19.469 [main] INFO  page_object.Weather - user clicked on search to implicit
  &amp#27;[32mWhen &amp#27;[0m&amp#27;[32muser enter location and click&amp#27;[0m        &amp#27;[90m# step_definitions.WeatherEditSteps.enterCityInEditOption(io.cucumber.datatable.DataTable)&amp#27;[0m
22:09:20.183 [main] INFO  page_object.Weather - Search result show successfully
  &amp#27;[32mThen &amp#27;[0m&amp#27;[32muser find result location options&amp#27;[0m    &amp#27;[90m# step_definitions.WeatherEditSteps.validateUserFindNamesOfLocations()&amp#27;[0m
22:09:20.310 [main] INFO  page_object.Weather - user select New York location
  &amp#27;[32mAnd &amp#27;[0m&amp#27;[32muser click on New York, United States&amp#27;[0m &amp#27;[90m# step_definitions.WeatherEditSteps.clickOnNewYork()&amp#27;[0m
22:09:23.408 [main] INFO  page_object.Weather - User can see New York weather
  &amp#27;[32mThen &amp#27;[0m&amp#27;[32muser is on New York weather&amp#27;[0m          &amp#27;[90m# step_definitions.WeatherEditSteps.validateUserSelectedWeatherSuccessfully()&amp#27;[0m
22:09:24.191 [main] INFO  step_definitions.Hooks - Close Chrome Browser
]]></system-out>
    <system-err><![CDATA[Starting ChromeDriver 93.0.4577.63 (ff5c0da2ec0adeaed5550e6c7e98417dac77d98a-refs/branch-heads/4577@{#1135}) on port 1515
Only local connections are allowed.
Please see https://chromedriver.chromium.org/security-considerations for suggestions on keeping ChromeDriver safe.
ChromeDriver was started successfully.
Sep 24, 2021 10:09:15 PM org.openqa.selenium.remote.ProtocolHandshake createSession
INFO: Detected dialect: W3C
]]></system-err>
  </testcase>
</testsuite>